[31-Jul-2016 15:48:18 UTC] PHP Parse error:  syntax error, unexpected ':', expecting ',' or ';' in /home/ubuntu/workspace/test/mail.php on line 50
[05-Aug-2016 23:42:29 UTC] PHP Parse error:  syntax error, unexpected '{' in /home/ubuntu/workspace/test/cform.php on line 28
[05-Aug-2016 23:47:05 UTC] PHP Warning:  array_filter() expects parameter 1 to be array, null given in /home/ubuntu/workspace/test/cform.php on line 34
[05-Aug-2016 23:47:05 UTC] PHP Stack trace:
[05-Aug-2016 23:47:05 UTC] PHP   1. {main}() /home/ubuntu/workspace/test/cform.php:0
[05-Aug-2016 23:47:05 UTC] PHP   2. array_filter() /home/ubuntu/workspace/test/cform.php:34
[05-Aug-2016 23:48:10 UTC] PHP Warning:  trim() expects parameter 1 to be string, array given in /home/ubuntu/workspace/test/cform.php on line 37
[05-Aug-2016 23:48:10 UTC] PHP Stack trace:
[05-Aug-2016 23:48:10 UTC] PHP   1. {main}() /home/ubuntu/workspace/test/cform.php:0
[05-Aug-2016 23:48:10 UTC] PHP   2. trim() /home/ubuntu/workspace/test/cform.php:37
[05-Aug-2016 23:48:10 UTC] PHP Warning:  array_filter() expects parameter 1 to be array, null given in /home/ubuntu/workspace/test/cform.php on line 37
[05-Aug-2016 23:48:10 UTC] PHP Stack trace:
[05-Aug-2016 23:48:10 UTC] PHP   1. {main}() /home/ubuntu/workspace/test/cform.php:0
[05-Aug-2016 23:48:10 UTC] PHP   2. array_filter() /home/ubuntu/workspace/test/cform.php:37
[05-Aug-2016 23:54:45 UTC] PHP Fatal error:  Call to a member function array_filter() on a non-object in /home/ubuntu/workspace/test/cform.php on line 44
[05-Aug-2016 23:54:45 UTC] PHP Stack trace:
[05-Aug-2016 23:54:45 UTC] PHP   1. {main}() /home/ubuntu/workspace/test/cform.php:0
[06-Aug-2016 00:28:44 UTC] PHP Warning:  array_filter() expects parameter 1 to be array, string given in /home/ubuntu/workspace/test/cform.php on line 62
[06-Aug-2016 00:28:45 UTC] PHP Stack trace:
[06-Aug-2016 00:28:45 UTC] PHP   1. {main}() /home/ubuntu/workspace/test/cform.php:0
[06-Aug-2016 00:28:45 UTC] PHP   2. array_filter() /home/ubuntu/workspace/test/cform.php:62
[06-Aug-2016 00:28:45 UTC] PHP Warning:  array_filter() expects parameter 1 to be array, string given in /home/ubuntu/workspace/test/cform.php on line 62
[06-Aug-2016 00:28:45 UTC] PHP Stack trace:
[06-Aug-2016 00:28:45 UTC] PHP   1. {main}() /home/ubuntu/workspace/test/cform.php:0
[06-Aug-2016 00:28:45 UTC] PHP   2. array_filter() /home/ubuntu/workspace/test/cform.php:62
[06-Aug-2016 00:28:45 UTC] PHP Warning:  array_filter() expects parameter 1 to be array, string given in /home/ubuntu/workspace/test/cform.php on line 62
[06-Aug-2016 00:28:45 UTC] PHP Stack trace:
[06-Aug-2016 00:28:45 UTC] PHP   1. {main}() /home/ubuntu/workspace/test/cform.php:0
[06-Aug-2016 00:28:45 UTC] PHP   2. array_filter() /home/ubuntu/workspace/test/cform.php:62
[06-Aug-2016 00:28:45 UTC] PHP Warning:  array_filter() expects parameter 1 to be array, string given in /home/ubuntu/workspace/test/cform.php on line 62
[06-Aug-2016 00:28:45 UTC] PHP Stack trace:
[06-Aug-2016 00:28:45 UTC] PHP   1. {main}() /home/ubuntu/workspace/test/cform.php:0
[06-Aug-2016 00:28:45 UTC] PHP   2. array_filter() /home/ubuntu/workspace/test/cform.php:62
[06-Aug-2016 00:44:14 UTC] PHP Warning:  array_unique() expects parameter 1 to be array, string given in /home/ubuntu/workspace/test/cform.php on line 68
[06-Aug-2016 00:44:14 UTC] PHP Stack trace:
[06-Aug-2016 00:44:14 UTC] PHP   1. {main}() /home/ubuntu/workspace/test/cform.php:0
[06-Aug-2016 00:44:14 UTC] PHP   2. array_unique() /home/ubuntu/workspace/test/cform.php:68
[06-Aug-2016 00:44:14 UTC] PHP Warning:  array_unique() expects parameter 1 to be array, string given in /home/ubuntu/workspace/test/cform.php on line 68
[06-Aug-2016 00:44:14 UTC] PHP Stack trace:
[06-Aug-2016 00:44:14 UTC] PHP   1. {main}() /home/ubuntu/workspace/test/cform.php:0
[06-Aug-2016 00:44:14 UTC] PHP   2. array_unique() /home/ubuntu/workspace/test/cform.php:68
[06-Aug-2016 00:44:14 UTC] PHP Warning:  array_unique() expects parameter 1 to be array, string given in /home/ubuntu/workspace/test/cform.php on line 68
[06-Aug-2016 00:44:14 UTC] PHP Stack trace:
[06-Aug-2016 00:44:14 UTC] PHP   1. {main}() /home/ubuntu/workspace/test/cform.php:0
[06-Aug-2016 00:44:14 UTC] PHP   2. array_unique() /home/ubuntu/workspace/test/cform.php:68
[06-Aug-2016 00:44:14 UTC] PHP Warning:  array_unique() expects parameter 1 to be array, string given in /home/ubuntu/workspace/test/cform.php on line 68
[06-Aug-2016 00:44:14 UTC] PHP Stack trace:
[06-Aug-2016 00:44:14 UTC] PHP   1. {main}() /home/ubuntu/workspace/test/cform.php:0
[06-Aug-2016 00:44:14 UTC] PHP   2. array_unique() /home/ubuntu/workspace/test/cform.php:68
[06-Aug-2016 00:44:14 UTC] PHP Warning:  array_unique() expects parameter 1 to be array, string given in /home/ubuntu/workspace/test/cform.php on line 68
[06-Aug-2016 00:44:14 UTC] PHP Stack trace:
[06-Aug-2016 00:44:14 UTC] PHP   1. {main}() /home/ubuntu/workspace/test/cform.php:0
[06-Aug-2016 00:44:14 UTC] PHP   2. array_unique() /home/ubuntu/workspace/test/cform.php:68
[06-Aug-2016 00:44:14 UTC] PHP Warning:  array_unique() expects parameter 1 to be array, string given in /home/ubuntu/workspace/test/cform.php on line 68
[06-Aug-2016 00:44:14 UTC] PHP Stack trace:
[06-Aug-2016 00:44:14 UTC] PHP   1. {main}() /home/ubuntu/workspace/test/cform.php:0
[06-Aug-2016 00:44:14 UTC] PHP   2. array_unique() /home/ubuntu/workspace/test/cform.php:68
[06-Aug-2016 00:44:14 UTC] PHP Warning:  array_unique() expects parameter 1 to be array, string given in /home/ubuntu/workspace/test/cform.php on line 68
[06-Aug-2016 00:44:14 UTC] PHP Stack trace:
[06-Aug-2016 00:44:14 UTC] PHP   1. {main}() /home/ubuntu/workspace/test/cform.php:0
[06-Aug-2016 00:44:14 UTC] PHP   2. array_unique() /home/ubuntu/workspace/test/cform.php:68
[06-Aug-2016 00:44:14 UTC] PHP Warning:  array_unique() expects parameter 1 to be array, string given in /home/ubuntu/workspace/test/cform.php on line 68
[06-Aug-2016 00:44:14 UTC] PHP Stack trace:
[06-Aug-2016 00:44:14 UTC] PHP   1. {main}() /home/ubuntu/workspace/test/cform.php:0
[06-Aug-2016 00:44:14 UTC] PHP   2. array_unique() /home/ubuntu/workspace/test/cform.php:68
[06-Aug-2016 00:44:14 UTC] PHP Warning:  array_unique() expects parameter 1 to be array, string given in /home/ubuntu/workspace/test/cform.php on line 68
[06-Aug-2016 00:44:14 UTC] PHP Stack trace:
[06-Aug-2016 00:44:14 UTC] PHP   1. {main}() /home/ubuntu/workspace/test/cform.php:0
[06-Aug-2016 00:44:14 UTC] PHP   2. array_unique() /home/ubuntu/workspace/test/cform.php:68
[06-Aug-2016 00:51:41 UTC] PHP Warning:  array_flip() expects parameter 1 to be array, string given in /home/ubuntu/workspace/test/cform.php on line 72
[06-Aug-2016 00:51:41 UTC] PHP Stack trace:
[06-Aug-2016 00:51:41 UTC] PHP   1. {main}() /home/ubuntu/workspace/test/cform.php:0
[06-Aug-2016 00:51:41 UTC] PHP   2. array_flip() /home/ubuntu/workspace/test/cform.php:72
[06-Aug-2016 00:51:41 UTC] PHP Warning:  array_flip() expects parameter 1 to be array, null given in /home/ubuntu/workspace/test/cform.php on line 72
[06-Aug-2016 00:51:41 UTC] PHP Stack trace:
[06-Aug-2016 00:51:41 UTC] PHP   1. {main}() /home/ubuntu/workspace/test/cform.php:0
[06-Aug-2016 00:51:41 UTC] PHP   2. array_flip() /home/ubuntu/workspace/test/cform.php:72
[06-Aug-2016 00:51:41 UTC] PHP Warning:  array_flip() expects parameter 1 to be array, string given in /home/ubuntu/workspace/test/cform.php on line 72
[06-Aug-2016 00:51:41 UTC] PHP Stack trace:
[06-Aug-2016 00:51:41 UTC] PHP   1. {main}() /home/ubuntu/workspace/test/cform.php:0
[06-Aug-2016 00:51:41 UTC] PHP   2. array_flip() /home/ubuntu/workspace/test/cform.php:72
[06-Aug-2016 00:51:41 UTC] PHP Warning:  array_flip() expects parameter 1 to be array, null given in /home/ubuntu/workspace/test/cform.php on line 72
[06-Aug-2016 00:51:41 UTC] PHP Stack trace:
[06-Aug-2016 00:51:41 UTC] PHP   1. {main}() /home/ubuntu/workspace/test/cform.php:0
[06-Aug-2016 00:51:41 UTC] PHP   2. array_flip() /home/ubuntu/workspace/test/cform.php:72
[06-Aug-2016 00:51:41 UTC] PHP Warning:  array_flip() expects parameter 1 to be array, string given in /home/ubuntu/workspace/test/cform.php on line 72
[06-Aug-2016 00:51:41 UTC] PHP Stack trace:
[06-Aug-2016 00:51:41 UTC] PHP   1. {main}() /home/ubuntu/workspace/test/cform.php:0
[06-Aug-2016 00:51:41 UTC] PHP   2. array_flip() /home/ubuntu/workspace/test/cform.php:72
[06-Aug-2016 00:51:41 UTC] PHP Warning:  array_flip() expects parameter 1 to be array, null given in /home/ubuntu/workspace/test/cform.php on line 72
[06-Aug-2016 00:51:41 UTC] PHP Stack trace:
[06-Aug-2016 00:51:41 UTC] PHP   1. {main}() /home/ubuntu/workspace/test/cform.php:0
[06-Aug-2016 00:51:41 UTC] PHP   2. array_flip() /home/ubuntu/workspace/test/cform.php:72
[06-Aug-2016 00:51:41 UTC] PHP Warning:  array_flip() expects parameter 1 to be array, string given in /home/ubuntu/workspace/test/cform.php on line 72
[06-Aug-2016 00:51:41 UTC] PHP Stack trace:
[06-Aug-2016 00:51:41 UTC] PHP   1. {main}() /home/ubuntu/workspace/test/cform.php:0
[06-Aug-2016 00:51:41 UTC] PHP   2. array_flip() /home/ubuntu/workspace/test/cform.php:72
[06-Aug-2016 00:51:41 UTC] PHP Warning:  array_flip() expects parameter 1 to be array, null given in /home/ubuntu/workspace/test/cform.php on line 72
[06-Aug-2016 00:51:41 UTC] PHP Stack trace:
[06-Aug-2016 00:51:41 UTC] PHP   1. {main}() /home/ubuntu/workspace/test/cform.php:0
[06-Aug-2016 00:51:41 UTC] PHP   2. array_flip() /home/ubuntu/workspace/test/cform.php:72
[06-Aug-2016 00:51:41 UTC] PHP Warning:  array_flip() expects parameter 1 to be array, string given in /home/ubuntu/workspace/test/cform.php on line 72
[06-Aug-2016 00:51:41 UTC] PHP Stack trace:
[06-Aug-2016 00:51:41 UTC] PHP   1. {main}() /home/ubuntu/workspace/test/cform.php:0
[06-Aug-2016 00:51:41 UTC] PHP   2. array_flip() /home/ubuntu/workspace/test/cform.php:72
[06-Aug-2016 00:51:41 UTC] PHP Warning:  array_flip() expects parameter 1 to be array, null given in /home/ubuntu/workspace/test/cform.php on line 72
[06-Aug-2016 00:51:41 UTC] PHP Stack trace:
[06-Aug-2016 00:51:41 UTC] PHP   1. {main}() /home/ubuntu/workspace/test/cform.php:0
[06-Aug-2016 00:51:41 UTC] PHP   2. array_flip() /home/ubuntu/workspace/test/cform.php:72
[06-Aug-2016 00:51:41 UTC] PHP Warning:  array_flip() expects parameter 1 to be array, string given in /home/ubuntu/workspace/test/cform.php on line 72
[06-Aug-2016 00:51:41 UTC] PHP Stack trace:
[06-Aug-2016 00:51:41 UTC] PHP   1. {main}() /home/ubuntu/workspace/test/cform.php:0
[06-Aug-2016 00:51:41 UTC] PHP   2. array_flip() /home/ubuntu/workspace/test/cform.php:72
[06-Aug-2016 00:51:41 UTC] PHP Warning:  array_flip() expects parameter 1 to be array, null given in /home/ubuntu/workspace/test/cform.php on line 72
[06-Aug-2016 00:51:41 UTC] PHP Stack trace:
[06-Aug-2016 00:51:41 UTC] PHP   1. {main}() /home/ubuntu/workspace/test/cform.php:0
[06-Aug-2016 00:51:41 UTC] PHP   2. array_flip() /home/ubuntu/workspace/test/cform.php:72
[06-Aug-2016 00:51:41 UTC] PHP Warning:  array_flip() expects parameter 1 to be array, string given in /home/ubuntu/workspace/test/cform.php on line 72
[06-Aug-2016 00:51:41 UTC] PHP Stack trace:
[06-Aug-2016 00:51:41 UTC] PHP   1. {main}() /home/ubuntu/workspace/test/cform.php:0
[06-Aug-2016 00:51:41 UTC] PHP   2. array_flip() /home/ubuntu/workspace/test/cform.php:72
[06-Aug-2016 00:51:41 UTC] PHP Warning:  array_flip() expects parameter 1 to be array, null given in /home/ubuntu/workspace/test/cform.php on line 72
[06-Aug-2016 00:51:41 UTC] PHP Stack trace:
[06-Aug-2016 00:51:41 UTC] PHP   1. {main}() /home/ubuntu/workspace/test/cform.php:0
[06-Aug-2016 00:51:41 UTC] PHP   2. array_flip() /home/ubuntu/workspace/test/cform.php:72
[06-Aug-2016 00:51:41 UTC] PHP Warning:  array_flip() expects parameter 1 to be array, string given in /home/ubuntu/workspace/test/cform.php on line 72
[06-Aug-2016 00:51:41 UTC] PHP Stack trace:
[06-Aug-2016 00:51:41 UTC] PHP   1. {main}() /home/ubuntu/workspace/test/cform.php:0
[06-Aug-2016 00:51:41 UTC] PHP   2. array_flip() /home/ubuntu/workspace/test/cform.php:72
[06-Aug-2016 00:51:41 UTC] PHP Warning:  array_flip() expects parameter 1 to be array, null given in /home/ubuntu/workspace/test/cform.php on line 72
[06-Aug-2016 00:51:41 UTC] PHP Stack trace:
[06-Aug-2016 00:51:41 UTC] PHP   1. {main}() /home/ubuntu/workspace/test/cform.php:0
[06-Aug-2016 00:51:41 UTC] PHP   2. array_flip() /home/ubuntu/workspace/test/cform.php:72
[06-Aug-2016 00:51:41 UTC] PHP Warning:  array_flip() expects parameter 1 to be array, string given in /home/ubuntu/workspace/test/cform.php on line 72
[06-Aug-2016 00:51:41 UTC] PHP Stack trace:
[06-Aug-2016 00:51:41 UTC] PHP   1. {main}() /home/ubuntu/workspace/test/cform.php:0
[06-Aug-2016 00:51:41 UTC] PHP   2. array_flip() /home/ubuntu/workspace/test/cform.php:72
[06-Aug-2016 00:51:41 UTC] PHP Warning:  array_flip() expects parameter 1 to be array, null given in /home/ubuntu/workspace/test/cform.php on line 72
[06-Aug-2016 00:51:41 UTC] PHP Stack trace:
[06-Aug-2016 00:51:41 UTC] PHP   1. {main}() /home/ubuntu/workspace/test/cform.php:0
[06-Aug-2016 00:51:41 UTC] PHP   2. array_flip() /home/ubuntu/workspace/test/cform.php:72
[06-Aug-2016 00:59:08 UTC] PHP Warning:  array_unique() expects parameter 1 to be array, null given in /home/ubuntu/workspace/test/cform.php on line 62
[06-Aug-2016 00:59:08 UTC] PHP Stack trace:
[06-Aug-2016 00:59:08 UTC] PHP   1. {main}() /home/ubuntu/workspace/test/cform.php:0
[06-Aug-2016 00:59:08 UTC] PHP   2. array_unique() /home/ubuntu/workspace/test/cform.php:62
[06-Aug-2016 01:03:44 UTC] PHP Warning:  Invalid argument supplied for foreach() in /home/ubuntu/workspace/test/cform.php on line 84
[06-Aug-2016 01:03:44 UTC] PHP Stack trace:
[06-Aug-2016 01:03:44 UTC] PHP   1. {main}() /home/ubuntu/workspace/test/cform.php:0
[06-Aug-2016 01:03:44 UTC] PHP Warning:  Invalid argument supplied for foreach() in /home/ubuntu/workspace/test/cform.php on line 84
[06-Aug-2016 01:03:44 UTC] PHP Stack trace:
[06-Aug-2016 01:03:44 UTC] PHP   1. {main}() /home/ubuntu/workspace/test/cform.php:0
[06-Aug-2016 01:03:44 UTC] PHP Warning:  Invalid argument supplied for foreach() in /home/ubuntu/workspace/test/cform.php on line 84
[06-Aug-2016 01:03:44 UTC] PHP Stack trace:
[06-Aug-2016 01:03:44 UTC] PHP   1. {main}() /home/ubuntu/workspace/test/cform.php:0
[06-Aug-2016 01:03:44 UTC] PHP Warning:  Invalid argument supplied for foreach() in /home/ubuntu/workspace/test/cform.php on line 84
[06-Aug-2016 01:03:44 UTC] PHP Stack trace:
[06-Aug-2016 01:03:44 UTC] PHP   1. {main}() /home/ubuntu/workspace/test/cform.php:0
[06-Aug-2016 01:04:31 UTC] PHP Warning:  Invalid argument supplied for foreach() in /home/ubuntu/workspace/test/cform.php on line 84
[06-Aug-2016 01:04:31 UTC] PHP Stack trace:
[06-Aug-2016 01:04:31 UTC] PHP   1. {main}() /home/ubuntu/workspace/test/cform.php:0
[06-Aug-2016 01:04:31 UTC] PHP Warning:  Invalid argument supplied for foreach() in /home/ubuntu/workspace/test/cform.php on line 84
[06-Aug-2016 01:04:31 UTC] PHP Stack trace:
[06-Aug-2016 01:04:31 UTC] PHP   1. {main}() /home/ubuntu/workspace/test/cform.php:0
[06-Aug-2016 01:04:31 UTC] PHP Warning:  Invalid argument supplied for foreach() in /home/ubuntu/workspace/test/cform.php on line 84
[06-Aug-2016 01:04:31 UTC] PHP Stack trace:
[06-Aug-2016 01:04:31 UTC] PHP   1. {main}() /home/ubuntu/workspace/test/cform.php:0
[06-Aug-2016 01:04:31 UTC] PHP Warning:  Invalid argument supplied for foreach() in /home/ubuntu/workspace/test/cform.php on line 84
[06-Aug-2016 01:04:31 UTC] PHP Stack trace:
[06-Aug-2016 01:04:31 UTC] PHP   1. {main}() /home/ubuntu/workspace/test/cform.php:0
[06-Aug-2016 01:04:59 UTC] PHP Warning:  Invalid argument supplied for foreach() in /home/ubuntu/workspace/test/cform.php on line 84
[06-Aug-2016 01:04:59 UTC] PHP Stack trace:
[06-Aug-2016 01:04:59 UTC] PHP   1. {main}() /home/ubuntu/workspace/test/cform.php:0
[06-Aug-2016 01:04:59 UTC] PHP Warning:  Invalid argument supplied for foreach() in /home/ubuntu/workspace/test/cform.php on line 84
[06-Aug-2016 01:04:59 UTC] PHP Stack trace:
[06-Aug-2016 01:04:59 UTC] PHP   1. {main}() /home/ubuntu/workspace/test/cform.php:0
[06-Aug-2016 01:04:59 UTC] PHP Warning:  Invalid argument supplied for foreach() in /home/ubuntu/workspace/test/cform.php on line 84
[06-Aug-2016 01:04:59 UTC] PHP Stack trace:
[06-Aug-2016 01:04:59 UTC] PHP   1. {main}() /home/ubuntu/workspace/test/cform.php:0
[06-Aug-2016 01:04:59 UTC] PHP Warning:  Invalid argument supplied for foreach() in /home/ubuntu/workspace/test/cform.php on line 84
[06-Aug-2016 01:04:59 UTC] PHP Stack trace:
[06-Aug-2016 01:04:59 UTC] PHP   1. {main}() /home/ubuntu/workspace/test/cform.php:0
[06-Aug-2016 01:05:53 UTC] PHP Warning:  Invalid argument supplied for foreach() in /home/ubuntu/workspace/test/cform.php on line 84
[06-Aug-2016 01:05:53 UTC] PHP Stack trace:
[06-Aug-2016 01:05:53 UTC] PHP   1. {main}() /home/ubuntu/workspace/test/cform.php:0
[06-Aug-2016 01:05:53 UTC] PHP Warning:  Invalid argument supplied for foreach() in /home/ubuntu/workspace/test/cform.php on line 84
[06-Aug-2016 01:05:53 UTC] PHP Stack trace:
[06-Aug-2016 01:05:53 UTC] PHP   1. {main}() /home/ubuntu/workspace/test/cform.php:0
[06-Aug-2016 01:05:53 UTC] PHP Warning:  Invalid argument supplied for foreach() in /home/ubuntu/workspace/test/cform.php on line 84
[06-Aug-2016 01:05:53 UTC] PHP Stack trace:
[06-Aug-2016 01:05:53 UTC] PHP   1. {main}() /home/ubuntu/workspace/test/cform.php:0
[06-Aug-2016 01:05:53 UTC] PHP Warning:  Invalid argument supplied for foreach() in /home/ubuntu/workspace/test/cform.php on line 84
[06-Aug-2016 01:05:53 UTC] PHP Stack trace:
[06-Aug-2016 01:05:53 UTC] PHP   1. {main}() /home/ubuntu/workspace/test/cform.php:0
[06-Aug-2016 01:09:18 UTC] PHP Warning:  array_unique() expects parameter 1 to be array, string given in /home/ubuntu/workspace/test/cform.php on line 84
[06-Aug-2016 01:09:18 UTC] PHP Stack trace:
[06-Aug-2016 01:09:18 UTC] PHP   1. {main}() /home/ubuntu/workspace/test/cform.php:0
[06-Aug-2016 01:09:18 UTC] PHP   2. array_unique() /home/ubuntu/workspace/test/cform.php:84
[06-Aug-2016 01:09:18 UTC] PHP Warning:  array_unique() expects parameter 1 to be array, string given in /home/ubuntu/workspace/test/cform.php on line 84
[06-Aug-2016 01:09:18 UTC] PHP Stack trace:
[06-Aug-2016 01:09:18 UTC] PHP   1. {main}() /home/ubuntu/workspace/test/cform.php:0
[06-Aug-2016 01:09:18 UTC] PHP   2. array_unique() /home/ubuntu/workspace/test/cform.php:84
[06-Aug-2016 01:15:47 UTC] PHP Warning:  array_unique() expects parameter 1 to be array, string given in /home/ubuntu/workspace/test/cform.php on line 81
[06-Aug-2016 01:15:47 UTC] PHP Stack trace:
[06-Aug-2016 01:15:47 UTC] PHP   1. {main}() /home/ubuntu/workspace/test/cform.php:0
[06-Aug-2016 01:15:47 UTC] PHP   2. array_unique() /home/ubuntu/workspace/test/cform.php:81
[06-Aug-2016 01:15:47 UTC] PHP Warning:  array_unique() expects parameter 1 to be array, string given in /home/ubuntu/workspace/test/cform.php on line 81
[06-Aug-2016 01:15:47 UTC] PHP Stack trace:
[06-Aug-2016 01:15:47 UTC] PHP   1. {main}() /home/ubuntu/workspace/test/cform.php:0
[06-Aug-2016 01:15:47 UTC] PHP   2. array_unique() /home/ubuntu/workspace/test/cform.php:81
[06-Aug-2016 01:15:47 UTC] PHP Warning:  array_unique() expects parameter 1 to be array, string given in /home/ubuntu/workspace/test/cform.php on line 81
[06-Aug-2016 01:15:47 UTC] PHP Stack trace:
[06-Aug-2016 01:15:47 UTC] PHP   1. {main}() /home/ubuntu/workspace/test/cform.php:0
[06-Aug-2016 01:15:47 UTC] PHP   2. array_unique() /home/ubuntu/workspace/test/cform.php:81
[06-Aug-2016 01:15:47 UTC] PHP Warning:  array_unique() expects parameter 1 to be array, string given in /home/ubuntu/workspace/test/cform.php on line 81
[06-Aug-2016 01:15:47 UTC] PHP Stack trace:
[06-Aug-2016 01:15:47 UTC] PHP   1. {main}() /home/ubuntu/workspace/test/cform.php:0
[06-Aug-2016 01:15:47 UTC] PHP   2. array_unique() /home/ubuntu/workspace/test/cform.php:81
[06-Aug-2016 01:20:56 UTC] PHP Warning:  Invalid argument supplied for foreach() in /home/ubuntu/workspace/test/cform.php on line 66
[06-Aug-2016 01:20:56 UTC] PHP Stack trace:
[06-Aug-2016 01:20:56 UTC] PHP   1. {main}() /home/ubuntu/workspace/test/cform.php:0
[06-Aug-2016 01:20:56 UTC] PHP Warning:  Invalid argument supplied for foreach() in /home/ubuntu/workspace/test/cform.php on line 66
[06-Aug-2016 01:20:56 UTC] PHP Stack trace:
[06-Aug-2016 01:20:56 UTC] PHP   1. {main}() /home/ubuntu/workspace/test/cform.php:0
[06-Aug-2016 01:21:32 UTC] PHP Warning:  Invalid argument supplied for foreach() in /home/ubuntu/workspace/test/cform.php on line 66
[06-Aug-2016 01:21:32 UTC] PHP Stack trace:
[06-Aug-2016 01:21:32 UTC] PHP   1. {main}() /home/ubuntu/workspace/test/cform.php:0
[06-Aug-2016 01:21:32 UTC] PHP Warning:  Invalid argument supplied for foreach() in /home/ubuntu/workspace/test/cform.php on line 66
[06-Aug-2016 01:21:32 UTC] PHP Stack trace:
[06-Aug-2016 01:21:32 UTC] PHP   1. {main}() /home/ubuntu/workspace/test/cform.php:0
[06-Aug-2016 01:21:34 UTC] PHP Warning:  Invalid argument supplied for foreach() in /home/ubuntu/workspace/test/cform.php on line 66
[06-Aug-2016 01:21:34 UTC] PHP Stack trace:
[06-Aug-2016 01:21:34 UTC] PHP   1. {main}() /home/ubuntu/workspace/test/cform.php:0
